<?xml version="1.0" encoding="UTF-8"?>
<testng-results skipped="0" failed="0" ignored="0" total="6" passed="6">
  <reporter-output>
  </reporter-output>
  <suite name="Default suite" duration-ms="590138" started-at="2022-06-06T22:47:34 IST" finished-at="2022-06-06T22:57:24 IST">
    <groups>
    </groups>
    <test name="Default test" duration-ms="590138" started-at="2022-06-06T22:47:34 IST" finished-at="2022-06-06T22:57:24 IST">
      <class name="com.nitara.AccountManagement.LoginWithOTP">
        <test-method status="PASS" signature="initialize()[pri:0, instance:com.nitara.AccountManagement.LoginWithOTP@103f852]" name="initialize" is-config="true" duration-ms="20676" started-at="2022-06-06T22:47:34 IST" finished-at="2022-06-06T22:47:55 IST">
          <reporter-output>
          </reporter-output>
        </test-method> <!-- initialize -->
        <test-method status="PASS" signature="LoginWithOTP_30SecondsCounter()[pri:0, instance:com.nitara.AccountManagement.LoginWithOTP@103f852]" name="LoginWithOTP_30SecondsCounter" duration-ms="53007" started-at="2022-06-06T22:47:55 IST" finished-at="2022-06-06T22:48:48 IST">
          <reporter-output>
          </reporter-output>
        </test-method> <!-- LoginWithOTP_30SecondsCounter -->
        <test-method status="PASS" signature="quit()[pri:0, instance:com.nitara.AccountManagement.LoginWithOTP@103f852]" name="quit" is-config="true" duration-ms="571" started-at="2022-06-06T22:48:48 IST" finished-at="2022-06-06T22:48:49 IST">
          <reporter-output>
          </reporter-output>
        </test-method> <!-- quit -->
        <test-method status="PASS" signature="initialize()[pri:0, instance:com.nitara.AccountManagement.LoginWithOTP@103f852]" name="initialize" is-config="true" duration-ms="16398" started-at="2022-06-06T22:48:49 IST" finished-at="2022-06-06T22:49:05 IST">
          <reporter-output>
          </reporter-output>
        </test-method> <!-- initialize -->
        <test-method status="PASS" signature="LoginWithOTP_ResendOTPMoreThanThreeTimesViaCall()[pri:0, instance:com.nitara.AccountManagement.LoginWithOTP@103f852]" name="LoginWithOTP_ResendOTPMoreThanThreeTimesViaCall" duration-ms="186740" started-at="2022-06-06T22:49:05 IST" finished-at="2022-06-06T22:52:12 IST">
          <reporter-output>
          </reporter-output>
        </test-method> <!-- LoginWithOTP_ResendOTPMoreThanThreeTimesViaCall -->
        <test-method status="PASS" signature="quit()[pri:0, instance:com.nitara.AccountManagement.LoginWithOTP@103f852]" name="quit" is-config="true" duration-ms="657" started-at="2022-06-06T22:52:12 IST" finished-at="2022-06-06T22:52:13 IST">
          <reporter-output>
          </reporter-output>
        </test-method> <!-- quit -->
        <test-method status="PASS" signature="initialize()[pri:0, instance:com.nitara.AccountManagement.LoginWithOTP@103f852]" name="initialize" is-config="true" duration-ms="17751" started-at="2022-06-06T22:52:13 IST" finished-at="2022-06-06T22:52:30 IST">
          <reporter-output>
          </reporter-output>
        </test-method> <!-- initialize -->
        <test-method status="PASS" signature="LoginWithOTP_ResendOTPMoreThanThreeTimesViaSMS()[pri:0, instance:com.nitara.AccountManagement.LoginWithOTP@103f852]" name="LoginWithOTP_ResendOTPMoreThanThreeTimesViaSMS" duration-ms="145318" started-at="2022-06-06T22:52:30 IST" finished-at="2022-06-06T22:54:56 IST">
          <reporter-output>
          </reporter-output>
        </test-method> <!-- LoginWithOTP_ResendOTPMoreThanThreeTimesViaSMS -->
        <test-method status="PASS" signature="quit()[pri:0, instance:com.nitara.AccountManagement.LoginWithOTP@103f852]" name="quit" is-config="true" duration-ms="539" started-at="2022-06-06T22:54:56 IST" finished-at="2022-06-06T22:54:56 IST">
          <reporter-output>
          </reporter-output>
        </test-method> <!-- quit -->
        <test-method status="PASS" signature="initialize()[pri:0, instance:com.nitara.AccountManagement.LoginWithOTP@103f852]" name="initialize" is-config="true" duration-ms="14637" started-at="2022-06-06T22:54:56 IST" finished-at="2022-06-06T22:55:11 IST">
          <reporter-output>
          </reporter-output>
        </test-method> <!-- initialize -->
        <test-method status="PASS" signature="LoginwithOTP_IncorrectOTP()[pri:0, instance:com.nitara.AccountManagement.LoginWithOTP@103f852]" name="LoginwithOTP_IncorrectOTP" duration-ms="33182" started-at="2022-06-06T22:55:11 IST" finished-at="2022-06-06T22:55:44 IST">
          <reporter-output>
          </reporter-output>
        </test-method> <!-- LoginwithOTP_IncorrectOTP -->
        <test-method status="PASS" signature="quit()[pri:0, instance:com.nitara.AccountManagement.LoginWithOTP@103f852]" name="quit" is-config="true" duration-ms="462" started-at="2022-06-06T22:55:44 IST" finished-at="2022-06-06T22:55:44 IST">
          <reporter-output>
          </reporter-output>
        </test-method> <!-- quit -->
        <test-method status="PASS" signature="initialize()[pri:0, instance:com.nitara.AccountManagement.LoginWithOTP@103f852]" name="initialize" is-config="true" duration-ms="15291" started-at="2022-06-06T22:55:44 IST" finished-at="2022-06-06T22:56:00 IST">
          <reporter-output>
          </reporter-output>
        </test-method> <!-- initialize -->
        <test-method status="PASS" signature="LoginwithOTP_LessThan4Digits()[pri:0, instance:com.nitara.AccountManagement.LoginWithOTP@103f852]" name="LoginwithOTP_LessThan4Digits" duration-ms="32027" started-at="2022-06-06T22:56:00 IST" finished-at="2022-06-06T22:56:32 IST">
          <reporter-output>
          </reporter-output>
        </test-method> <!-- LoginwithOTP_LessThan4Digits -->
        <test-method status="PASS" signature="quit()[pri:0, instance:com.nitara.AccountManagement.LoginWithOTP@103f852]" name="quit" is-config="true" duration-ms="534" started-at="2022-06-06T22:56:32 IST" finished-at="2022-06-06T22:56:32 IST">
          <reporter-output>
          </reporter-output>
        </test-method> <!-- quit -->
        <test-method status="PASS" signature="initialize()[pri:0, instance:com.nitara.AccountManagement.LoginWithOTP@103f852]" name="initialize" is-config="true" duration-ms="15385" started-at="2022-06-06T22:56:32 IST" finished-at="2022-06-06T22:56:48 IST">
          <reporter-output>
          </reporter-output>
        </test-method> <!-- initialize -->
        <test-method status="PASS" signature="LoginwithOTP_ValidData()[pri:0, instance:com.nitara.AccountManagement.LoginWithOTP@103f852]" name="LoginwithOTP_ValidData" duration-ms="36230" started-at="2022-06-06T22:56:48 IST" finished-at="2022-06-06T22:57:24 IST">
          <reporter-output>
          </reporter-output>
        </test-method> <!-- LoginwithOTP_ValidData -->
        <test-method status="PASS" signature="quit()[pri:0, instance:com.nitara.AccountManagement.LoginWithOTP@103f852]" name="quit" is-config="true" duration-ms="611" started-at="2022-06-06T22:57:24 IST" finished-at="2022-06-06T22:57:24 IST">
          <reporter-output>
          </reporter-output>
        </test-method> <!-- quit -->
      </class> <!-- com.nitara.AccountManagement.LoginWithOTP -->
    </test> <!-- Default test -->
  </suite> <!-- Default suite -->
</testng-results>
