<?xml version="1.0" encoding="UTF-8"?>
<!-- Generated by org.testng.reporters.JUnitXMLReporter -->
<testsuite hostname="LAPTOP-U11EM945" ignored="0" name="Default test" tests="6" failures="0" timestamp="2022-06-06T22:57:25 IST" time="590.138" errors="0">
  <testcase name="LoginWithOTP_30SecondsCounter" time="53.007" classname="com.nitara.AccountManagement.LoginWithOTP"/>
  <testcase name="LoginWithOTP_ResendOTPMoreThanThreeTimesViaCall" time="186.74" classname="com.nitara.AccountManagement.LoginWithOTP"/>
  <testcase name="LoginWithOTP_ResendOTPMoreThanThreeTimesViaSMS" time="145.318" classname="com.nitara.AccountManagement.LoginWithOTP"/>
  <testcase name="LoginwithOTP_IncorrectOTP" time="33.182" classname="com.nitara.AccountManagement.LoginWithOTP"/>
  <testcase name="LoginwithOTP_LessThan4Digits" time="32.027" classname="com.nitara.AccountManagement.LoginWithOTP"/>
  <testcase name="LoginwithOTP_ValidData" time="36.23" classname="com.nitara.AccountManagement.LoginWithOTP"/>
</testsuite> <!-- Default test -->
